<?xml version="1.0" encoding="UTF-8"?>
<testsuite name="flexFight.lab1.Lab1ApplicationTests" tests="1" skipped="0" failures="0" errors="0" timestamp="2025-01-22T13:08:08" hostname="Pablos-MacBook-Air.local" time="0.259">
  <properties/>
  <testcase name="contextLoads()" classname="flexFight.lab1.Lab1ApplicationTests" time="0.259"/>
  <system-out><![CDATA[10:08:07.116 [Test worker] INFO org.springframework.test.context.support.AnnotationConfigContextLoaderUtils -- Could not detect default configuration classes for test class [flexFight.lab1.Lab1ApplicationTests]: Lab1ApplicationTests does not declare any static, non-private, non-final, nested classes annotated with @Configuration.
10:08:07.150 [Test worker] INFO org.springframework.boot.test.context.SpringBootTestContextBootstrapper -- Found @SpringBootConfiguration flexFight.lab1.Lab1Application for test class flexFight.lab1.Lab1ApplicationTests

  .   ____          _            __ _ _
 /\\ / ___'_ __ _ _(_)_ __  __ _ \ \ \ \
( ( )\___ | '_ | '_| | '_ \/ _` | \ \ \ \
 \\/  ___)| |_)| | | | | || (_| |  ) ) ) )
  '  |____| .__|_| |_|_| |_\__, | / / / /
 =========|_|==============|___/=/_/_/_/

 :: Spring Boot ::                (v3.4.1)

2025-01-22T10:08:07.265-03:00  INFO 1742 --- [lab1] [    Test worker] flexFight.lab1.Lab1ApplicationTests      : Starting Lab1ApplicationTests using Java 21.0.5 with PID 1742 (started by pablopagliaricci in /Users/pablopagliaricci/projects/lab1/lab1Back)
2025-01-22T10:08:07.265-03:00  INFO 1742 --- [lab1] [    Test worker] flexFight.lab1.Lab1ApplicationTests      : No active profile set, falling back to 1 default profile: "default"
2025-01-22T10:08:07.475-03:00  INFO 1742 --- [lab1] [    Test worker] .s.d.r.c.RepositoryConfigurationDelegate : Bootstrapping Spring Data JPA repositories in DEFAULT mode.
2025-01-22T10:08:07.504-03:00  INFO 1742 --- [lab1] [    Test worker] .s.d.r.c.RepositoryConfigurationDelegate : Finished Spring Data repository scanning in 25 ms. Found 14 JPA repository interfaces.
2025-01-22T10:08:07.640-03:00  INFO 1742 --- [lab1] [    Test worker] o.hibernate.jpa.internal.util.LogHelper  : HHH000204: Processing PersistenceUnitInfo [name: default]
2025-01-22T10:08:07.655-03:00  INFO 1742 --- [lab1] [    Test worker] org.hibernate.Version                    : HHH000412: Hibernate ORM core version 6.6.4.Final
2025-01-22T10:08:07.665-03:00  INFO 1742 --- [lab1] [    Test worker] o.h.c.internal.RegionFactoryInitiator    : HHH000026: Second-level cache disabled
2025-01-22T10:08:07.747-03:00  INFO 1742 --- [lab1] [    Test worker] o.s.o.j.p.SpringPersistenceUnitInfo      : No LoadTimeWeaver setup: ignoring JPA class transformer
2025-01-22T10:08:07.755-03:00  INFO 1742 --- [lab1] [    Test worker] com.zaxxer.hikari.HikariDataSource       : HikariPool-1 - Starting...
2025-01-22T10:08:07.827-03:00  INFO 1742 --- [lab1] [    Test worker] com.zaxxer.hikari.pool.HikariPool        : HikariPool-1 - Added connection org.postgresql.jdbc.PgConnection@11180750
2025-01-22T10:08:07.827-03:00  INFO 1742 --- [lab1] [    Test worker] com.zaxxer.hikari.HikariDataSource       : HikariPool-1 - Start completed.
2025-01-22T10:08:07.839-03:00  WARN 1742 --- [lab1] [    Test worker] org.hibernate.orm.deprecation            : HHH90000025: PostgreSQLDialect does not need to be specified explicitly using 'hibernate.dialect' (remove the property setting and it will be selected by default)
2025-01-22T10:08:07.846-03:00  INFO 1742 --- [lab1] [    Test worker] org.hibernate.orm.connections.pooling    : HHH10001005: Database info:
	Database JDBC URL [Connecting through datasource 'HikariDataSource (HikariPool-1)']
	Database driver: undefined/unknown
	Database version: 17.2
	Autocommit mode: undefined/unknown
	Isolation level: undefined/unknown
	Minimum pool size: undefined/unknown
	Maximum pool size: undefined/unknown
2025-01-22T10:08:08.195-03:00  INFO 1742 --- [lab1] [    Test worker] o.h.e.t.j.p.i.JtaPlatformInitiator       : HHH000489: No JTA platform available (set 'hibernate.transaction.jta.platform' to enable JTA platform integration)
Hibernate: create table chat_users (username varchar(255) not null, status smallint check (status between 0 and 1), primary key (username))
2025-01-22T10:08:08.250-03:00  INFO 1742 --- [lab1] [    Test worker] j.LocalContainerEntityManagerFactoryBean : Initialized JPA EntityManagerFactory for persistence unit 'default'
2025-01-22T10:08:08.563-03:00  INFO 1742 --- [lab1] [    Test worker] o.s.d.j.r.query.QueryEnhancerFactory     : Hibernate is in classpath; If applicable, HQL parser will be used.
2025-01-22T10:08:08.820-03:00  WARN 1742 --- [lab1] [    Test worker] JpaBaseConfiguration$JpaWebConfiguration : spring.jpa.open-in-view is enabled by default. Therefore, database queries may be performed during view rendering. Explicitly configure spring.jpa.open-in-view to disable this warning
2025-01-22T10:08:08.970-03:00  INFO 1742 --- [lab1] [    Test worker] o.s.m.s.b.SimpleBrokerMessageHandler     : Starting...
2025-01-22T10:08:08.970-03:00  INFO 1742 --- [lab1] [    Test worker] o.s.m.s.b.SimpleBrokerMessageHandler     : BrokerAvailabilityEvent[available=true, SimpleBrokerMessageHandler [org.springframework.messaging.simp.broker.DefaultSubscriptionRegistry@46791608]]
2025-01-22T10:08:08.970-03:00  INFO 1742 --- [lab1] [    Test worker] o.s.m.s.b.SimpleBrokerMessageHandler     : Started.
2025-01-22T10:08:08.974-03:00  INFO 1742 --- [lab1] [    Test worker] flexFight.lab1.Lab1ApplicationTests      : Started Lab1ApplicationTests in 1.781 seconds (process running for 2.157)
]]></system-out>
  <system-err><![CDATA[Mockito is currently self-attaching to enable the inline-mock-maker. This will no longer work in future releases of the JDK. Please add Mockito as an agent to your build what is described in Mockito's documentation: https://javadoc.io/doc/org.mockito/mockito-core/latest/org/mockito/Mockito.html#0.3
WARNING: A Java agent has been loaded dynamically (/Users/pablopagliaricci/.gradle/caches/modules-2/files-2.1/net.bytebuddy/byte-buddy-agent/1.15.11/a38b16385e867f59a641330f0362ebe742788ed8/byte-buddy-agent-1.15.11.jar)
WARNING: If a serviceability tool is in use, please run with -XX:+EnableDynamicAgentLoading to hide this warning
WARNING: If a serviceability tool is not in use, please run with -Djdk.instrument.traceUsage for more information
WARNING: Dynamic loading of agents will be disallowed by default in a future release
]]></system-err>
</testsuite>
